# JRE version: OpenJDK Runtime Environment (8.0_242-b01) (build 1.8.0_242-release-1644-b01)
# Java VM: OpenJDK 64-Bit Server VM (25.242-b01 mixed mode windows-amd64 compressed oops)
Heap:
 PSYoungGen      total 211456K, used 113122K [0x00000000e0000000, 0x00000000eee80000, 0x0000000100000000)
  eden space 197120K, 50% used [0x00000000e0000000,0x00000000e60c1370,0x00000000ec080000)
  from space 14336K, 97% used [0x00000000ee080000,0x00000000eee37638,0x00000000eee80000)
  to   space 17920K, 0% used [0x00000000ecb80000,0x00000000ecb80000,0x00000000edd00000)
 ParOldGen       total 80384K, used 34132K [0x00000000a0000000, 0x00000000a4e80000, 0x00000000e0000000)
  object space 80384K, 42% used [0x00000000a0000000,0x00000000a21552a0,0x00000000a4e80000)
 Metaspace       used 70255K, capacity 73413K, committed 73640K, reserved 1112064K
  class space    used 9539K, capacity 10138K, committed 10160K, reserved 1048576K
GC Heap History (10 events):
Event: 19.128 GC heap before
{Heap before GC invocations=15 (full 2):
 PSYoungGen      total 123904K, used 114688K [0x00000000e0000000, 0x00000000e9f80000, 0x0000000100000000)
  eden space 114688K, 100% used [0x00000000e0000000,0x00000000e7000000,0x00000000e7000000)
  from space 9216K, 0% used [0x00000000e7900000,0x00000000e7900000,0x00000000e8200000)
  to   space 9216K, 0% used [0x00000000e7000000,0x00000000e7000000,0x00000000e7900000)
 ParOldGen       total 47616K, used 14445K [0x00000000a0000000, 0x00000000a2e80000, 0x00000000e0000000)
  object space 47616K, 30% used [0x00000000a0000000,0x00000000a0e1b498,0x00000000a2e80000)
 Metaspace       used 38234K, capacity 39852K, committed 39976K, reserved 1083392K
  class space    used 5261K, capacity 5569K, committed 5680K, reserved 1048576K
Event: 19.147 GC heap after
Heap after GC invocations=15 (full 2):
 PSYoungGen      total 123904K, used 7534K [0x00000000e0000000, 0x00000000eb180000, 0x0000000100000000)
  eden space 114688K, 0% used [0x00000000e0000000,0x00000000e0000000,0x00000000e7000000)
  from space 9216K, 81% used [0x00000000e7000000,0x00000000e775b928,0x00000000e7900000)
  to   space 10240K, 0% used [0x00000000ea780000,0x00000000ea780000,0x00000000eb180000)
 ParOldGen       total 47616K, used 14453K [0x00000000a0000000, 0x00000000a2e80000, 0x00000000e0000000)
  object space 47616K, 30% used [0x00000000a0000000,0x00000000a0e1d498,0x00000000a2e80000)
 Metaspace       used 38234K, capacity 39852K, committed 39976K, reserved 1083392K
  class space    used 5261K, capacity 5569K, committed 5680K, reserved 1048576K
}
Event: 22.876 GC heap before
{Heap before GC invocations=16 (full 2):
 PSYoungGen      total 123904K, used 122222K [0x00000000e0000000, 0x00000000eb180000, 0x0000000100000000)
  eden space 114688K, 100% used [0x00000000e0000000,0x00000000e7000000,0x00000000e7000000)
  from space 9216K, 81% used [0x00000000e7000000,0x00000000e775b928,0x00000000e7900000)
  to   space 10240K, 0% used [0x00000000ea780000,0x00000000ea780000,0x00000000eb180000)
 ParOldGen       total 47616K, used 14453K [0x00000000a0000000, 0x00000000a2e80000, 0x00000000e0000000)
  object space 47616K, 30% used [0x00000000a0000000,0x00000000a0e1d498,0x00000000a2e80000)
 Metaspace       used 50681K, capacity 52564K, committed 52776K, reserved 1095680K
  class space    used 6756K, capacity 7129K, committed 7216K, reserved 1048576K
Event: 22.910 GC heap after
Heap after GC invocations=16 (full 2):
 PSYoungGen      total 166912K, used 10223K [0x00000000e0000000, 0x00000000eb700000, 0x0000000100000000)
  eden space 156672K, 0% used [0x00000000e0000000,0x00000000e0000000,0x00000000e9900000)
  from space 10240K, 99% used [0x00000000ea780000,0x00000000eb17bd28,0x00000000eb180000)
  to   space 14848K, 0% used [0x00000000e9900000,0x00000000e9900000,0x00000000ea780000)
 ParOldGen       total 47616K, used 22719K [0x00000000a0000000, 0x00000000a2e80000, 0x00000000e0000000)
  object space 47616K, 47% used [0x00000000a0000000,0x00000000a162fdc0,0x00000000a2e80000)
 Metaspace       used 50681K, capacity 52564K, committed 52776K, reserved 1095680K
  class space    used 6756K, capacity 7129K, committed 7216K, reserved 1048576K
}
Event: 25.021 GC heap before
{Heap before GC invocations=17 (full 2):
 PSYoungGen      total 166912K, used 107199K [0x00000000e0000000, 0x00000000eb700000, 0x0000000100000000)
  eden space 156672K, 61% used [0x00000000e0000000,0x00000000e5eb4100,0x00000000e9900000)
  from space 10240K, 99% used [0x00000000ea780000,0x00000000eb17bd28,0x00000000eb180000)
  to   space 14848K, 0% used [0x00000000e9900000,0x00000000e9900000,0x00000000ea780000)
 ParOldGen       total 47616K, used 22719K [0x00000000a0000000, 0x00000000a2e80000, 0x00000000e0000000)
  object space 47616K, 47% used [0x00000000a0000000,0x00000000a162fdc0,0x00000000a2e80000)
 Metaspace       used 56845K, capacity 59095K, committed 59160K, reserved 1099776K
  class space    used 7722K, capacity 8175K, committed 8240K, reserved 1048576K
Event: 25.066 GC heap after
Heap after GC invocations=17 (full 2):
 PSYoungGen      total 171520K, used 11258K [0x00000000e0000000, 0x00000000ef000000, 0x0000000100000000)
  eden space 156672K, 0% used [0x00000000e0000000,0x00000000e0000000,0x00000000e9900000)
  from space 14848K, 75% used [0x00000000e9900000,0x00000000ea3febf8,0x00000000ea780000)
  to   space 15872K, 0% used [0x00000000ee080000,0x00000000ee080000,0x00000000ef000000)
 ParOldGen       total 47616K, used 29221K [0x00000000a0000000, 0x00000000a2e80000, 0x00000000e0000000)
  object space 47616K, 61% used [0x00000000a0000000,0x00000000a1c89498,0x00000000a2e80000)
 Metaspace       used 56845K, capacity 59095K, committed 59160K, reserved 1099776K
  class space    used 7722K, capacity 8175K, committed 8240K, reserved 1048576K
}
Event: 25.066 GC heap before
{Heap before GC invocations=18 (full 3):
 PSYoungGen      total 171520K, used 11258K [0x00000000e0000000, 0x00000000ef000000, 0x0000000100000000)
  eden space 156672K, 0% used [0x00000000e0000000,0x00000000e0000000,0x00000000e9900000)
  from space 14848K, 75% used [0x00000000e9900000,0x00000000ea3febf8,0x00000000ea780000)
  to   space 15872K, 0% used [0x00000000ee080000,0x00000000ee080000,0x00000000ef000000)
 ParOldGen       total 47616K, used 29221K [0x00000000a0000000, 0x00000000a2e80000, 0x00000000e0000000)
  object space 47616K, 61% used [0x00000000a0000000,0x00000000a1c89498,0x00000000a2e80000)
 Metaspace       used 56845K, capacity 59095K, committed 59160K, reserved 1099776K
  class space    used 7722K, capacity 8175K, committed 8240K, reserved 1048576K
Event: 25.554 GC heap after
Heap after GC invocations=18 (full 3):
 PSYoungGen      total 171520K, used 0K [0x00000000e0000000, 0x00000000ef000000, 0x0000000100000000)
  eden space 156672K, 0% used [0x00000000e0000000,0x00000000e0000000,0x00000000e9900000)
  from space 14848K, 0% used [0x00000000e9900000,0x00000000e9900000,0x00000000ea780000)
  to   space 15872K, 0% used [0x00000000ee080000,0x00000000ee080000,0x00000000ef000000)
 ParOldGen       total 80384K, used 34124K [0x00000000a0000000, 0x00000000a4e80000, 0x00000000e0000000)
  object space 80384K, 42% used [0x00000000a0000000,0x00000000a21532a0,0x00000000a4e80000)
 Metaspace       used 56832K, capacity 59053K, committed 59160K, reserved 1099776K
  class space    used 7718K, capacity 8168K, committed 8240K, reserved 1048576K
}
Event: 32.552 GC heap before
{Heap before GC invocations=19 (full 3):
 PSYoungGen      total 171520K, used 156672K [0x00000000e0000000, 0x00000000ef000000, 0x0000000100000000)
  eden space 156672K, 100% used [0x00000000e0000000,0x00000000e9900000,0x00000000e9900000)
  from space 14848K, 0% used [0x00000000e9900000,0x00000000e9900000,0x00000000ea780000)
  to   space 15872K, 0% used [0x00000000ee080000,0x00000000ee080000,0x00000000ef000000)
 ParOldGen       total 80384K, used 34124K [0x00000000a0000000, 0x00000000a4e80000, 0x00000000e0000000)
  object space 80384K, 42% used [0x00000000a0000000,0x00000000a21532a0,0x00000000a4e80000)
 Metaspace       used 65071K, capacity 68063K, committed 68136K, reserved 1107968K
  class space    used 8951K, capacity 9517K, committed 9520K, reserved 1048576K
Event: 32.629 GC heap after
Heap after GC invocations=19 (full 3):
 PSYoungGen      total 211456K, used 14045K [0x00000000e0000000, 0x00000000eee80000, 0x0000000100000000)
  eden space 197120K, 0% used [0x00000000e0000000,0x00000000e0000000,0x00000000ec080000)
  from space 14336K, 97% used [0x00000000ee080000,0x00000000eee37638,0x00000000eee80000)
  to   space 17920K, 0% used [0x00000000ecb80000,0x00000000ecb80000,0x00000000edd00000)
 ParOldGen       total 80384K, used 34132K [0x00000000a0000000, 0x00000000a4e80000, 0x00000000e0000000)
  object space 80384K, 42% used [0x00000000a0000000,0x00000000a21552a0,0x00000000a4e80000)
 Metaspace       used 65071K, capacity 68063K, committed 68136K, reserved 1107968K
  class space    used 8951K, capacity 9517K, committed 9520K, reserved 1048576K
}

