# JRE version: OpenJDK Runtime Environment (8.0_242-b01) (build 1.8.0_242-release-1644-b01)
# Java VM: OpenJDK 64-Bit Server VM (25.242-b01 mixed mode windows-amd64 compressed oops)
Heap:
 PSYoungGen      total 51712K, used 10020K [0x00000000eb380000, 0x00000000f0380000, 0x0000000100000000)
  eden space 43520K, 5% used [0x00000000eb380000,0x00000000eb5beb60,0x00000000ede00000)
  from space 8192K, 94% used [0x00000000efb80000,0x00000000f030a680,0x00000000f0380000)
  to   space 8704K, 0% used [0x00000000ef280000,0x00000000ef280000,0x00000000efb00000)
 ParOldGen       total 43008K, used 10336K [0x00000000c1a00000, 0x00000000c4400000, 0x00000000eb380000)
  object space 43008K, 24% used [0x00000000c1a00000,0x00000000c24182b0,0x00000000c4400000)
 Metaspace       used 24527K, capacity 24952K, committed 25216K, reserved 1071104K
  class space    used 2940K, capacity 3093K, committed 3200K, reserved 1048576K
GC Heap History (10 events):
Event: 2.099 GC heap before
{Heap before GC invocations=3 (full 0):
 PSYoungGen      total 18944K, used 18938K [0x00000000eb380000, 0x00000000ed880000, 0x0000000100000000)
  eden space 16384K, 100% used [0x00000000eb380000,0x00000000ec380000,0x00000000ec380000)
  from space 2560K, 99% used [0x00000000ec600000,0x00000000ec87eb30,0x00000000ec880000)
  to   space 2560K, 0% used [0x00000000ec380000,0x00000000ec380000,0x00000000ec600000)
 ParOldGen       total 44032K, used 3833K [0x00000000c1a00000, 0x00000000c4500000, 0x00000000eb380000)
  object space 44032K, 8% used [0x00000000c1a00000,0x00000000c1dbe400,0x00000000c4500000)
 Metaspace       used 12568K, capacity 12848K, committed 13056K, reserved 1060864K
  class space    used 1403K, capacity 1498K, committed 1536K, reserved 1048576K
Event: 2.110 GC heap after
Heap after GC invocations=3 (full 0):
 PSYoungGen      total 18944K, used 2560K [0x00000000eb380000, 0x00000000ed880000, 0x0000000100000000)
  eden space 16384K, 0% used [0x00000000eb380000,0x00000000eb380000,0x00000000ec380000)
  from space 2560K, 100% used [0x00000000ec380000,0x00000000ec600000,0x00000000ec600000)
  to   space 2560K, 0% used [0x00000000ed600000,0x00000000ed600000,0x00000000ed880000)
 ParOldGen       total 44032K, used 7428K [0x00000000c1a00000, 0x00000000c4500000, 0x00000000eb380000)
  object space 44032K, 16% used [0x00000000c1a00000,0x00000000c2141000,0x00000000c4500000)
 Metaspace       used 12568K, capacity 12848K, committed 13056K, reserved 1060864K
  class space    used 1403K, capacity 1498K, committed 1536K, reserved 1048576K
}
Event: 2.640 GC heap before
{Heap before GC invocations=4 (full 0):
 PSYoungGen      total 18944K, used 18944K [0x00000000eb380000, 0x00000000ed880000, 0x0000000100000000)
  eden space 16384K, 100% used [0x00000000eb380000,0x00000000ec380000,0x00000000ec380000)
  from space 2560K, 100% used [0x00000000ec380000,0x00000000ec600000,0x00000000ec600000)
  to   space 2560K, 0% used [0x00000000ed600000,0x00000000ed600000,0x00000000ed880000)
 ParOldGen       total 44032K, used 7428K [0x00000000c1a00000, 0x00000000c4500000, 0x00000000eb380000)
  object space 44032K, 16% used [0x00000000c1a00000,0x00000000c2141000,0x00000000c4500000)
 Metaspace       used 16015K, capacity 16366K, committed 16640K, reserved 1064960K
  class space    used 1894K, capacity 1991K, committed 2048K, reserved 1048576K
Event: 2.658 GC heap after
Heap after GC invocations=4 (full 0):
 PSYoungGen      total 35328K, used 2544K [0x00000000eb380000, 0x00000000ed880000, 0x0000000100000000)
  eden space 32768K, 0% used [0x00000000eb380000,0x00000000eb380000,0x00000000ed380000)
  from space 2560K, 99% used [0x00000000ed600000,0x00000000ed87c010,0x00000000ed880000)
  to   space 2560K, 0% used [0x00000000ed380000,0x00000000ed380000,0x00000000ed600000)
 ParOldGen       total 44032K, used 11149K [0x00000000c1a00000, 0x00000000c4500000, 0x00000000eb380000)
  object space 44032K, 25% used [0x00000000c1a00000,0x00000000c24e34d8,0x00000000c4500000)
 Metaspace       used 16015K, capacity 16366K, committed 16640K, reserved 1064960K
  class space    used 1894K, capacity 1991K, committed 2048K, reserved 1048576K
}
Event: 3.701 GC heap before
{Heap before GC invocations=5 (full 0):
 PSYoungGen      total 35328K, used 18408K [0x00000000eb380000, 0x00000000ed880000, 0x0000000100000000)
  eden space 32768K, 48% used [0x00000000eb380000,0x00000000ec2fe058,0x00000000ed380000)
  from space 2560K, 99% used [0x00000000ed600000,0x00000000ed87c010,0x00000000ed880000)
  to   space 2560K, 0% used [0x00000000ed380000,0x00000000ed380000,0x00000000ed600000)
 ParOldGen       total 44032K, used 11149K [0x00000000c1a00000, 0x00000000c4500000, 0x00000000eb380000)
  object space 44032K, 25% used [0x00000000c1a00000,0x00000000c24e34d8,0x00000000c4500000)
 Metaspace       used 20748K, capacity 21160K, committed 21296K, reserved 1069056K
  class space    used 2462K, capacity 2631K, committed 2688K, reserved 1048576K
Event: 3.715 GC heap after
Heap after GC invocations=5 (full 0):
 PSYoungGen      total 35328K, used 2544K [0x00000000eb380000, 0x00000000f0380000, 0x0000000100000000)
  eden space 32768K, 0% used [0x00000000eb380000,0x00000000eb380000,0x00000000ed380000)
  from space 2560K, 99% used [0x00000000ed380000,0x00000000ed5fc010,0x00000000ed600000)
  to   space 8192K, 0% used [0x00000000efb80000,0x00000000efb80000,0x00000000f0380000)
 ParOldGen       total 44032K, used 15026K [0x00000000c1a00000, 0x00000000c4500000, 0x00000000eb380000)
  object space 44032K, 34% used [0x00000000c1a00000,0x00000000c28ac948,0x00000000c4500000)
 Metaspace       used 20748K, capacity 21160K, committed 21296K, reserved 1069056K
  class space    used 2462K, capacity 2631K, committed 2688K, reserved 1048576K
}
Event: 3.715 GC heap before
{Heap before GC invocations=6 (full 1):
 PSYoungGen      total 35328K, used 2544K [0x00000000eb380000, 0x00000000f0380000, 0x0000000100000000)
  eden space 32768K, 0% used [0x00000000eb380000,0x00000000eb380000,0x00000000ed380000)
  from space 2560K, 99% used [0x00000000ed380000,0x00000000ed5fc010,0x00000000ed600000)
  to   space 8192K, 0% used [0x00000000efb80000,0x00000000efb80000,0x00000000f0380000)
 ParOldGen       total 44032K, used 15026K [0x00000000c1a00000, 0x00000000c4500000, 0x00000000eb380000)
  object space 44032K, 34% used [0x00000000c1a00000,0x00000000c28ac948,0x00000000c4500000)
 Metaspace       used 20748K, capacity 21160K, committed 21296K, reserved 1069056K
  class space    used 2462K, capacity 2631K, committed 2688K, reserved 1048576K
Event: 3.843 GC heap after
Heap after GC invocations=6 (full 1):
 PSYoungGen      total 35328K, used 0K [0x00000000eb380000, 0x00000000f0380000, 0x0000000100000000)
  eden space 32768K, 0% used [0x00000000eb380000,0x00000000eb380000,0x00000000ed380000)
  from space 2560K, 0% used [0x00000000ed380000,0x00000000ed380000,0x00000000ed600000)
  to   space 8192K, 0% used [0x00000000efb80000,0x00000000efb80000,0x00000000f0380000)
 ParOldGen       total 43008K, used 10328K [0x00000000c1a00000, 0x00000000c4400000, 0x00000000eb380000)
  object space 43008K, 24% used [0x00000000c1a00000,0x00000000c24162b0,0x00000000c4400000)
 Metaspace       used 20748K, capacity 21160K, committed 21296K, reserved 1069056K
  class space    used 2462K, capacity 2631K, committed 2688K, reserved 1048576K
}
Event: 7.195 GC heap before
{Heap before GC invocations=7 (full 1):
 PSYoungGen      total 35328K, used 32768K [0x00000000eb380000, 0x00000000f0380000, 0x0000000100000000)
  eden space 32768K, 100% used [0x00000000eb380000,0x00000000ed380000,0x00000000ed380000)
  from space 2560K, 0% used [0x00000000ed380000,0x00000000ed380000,0x00000000ed600000)
  to   space 8192K, 0% used [0x00000000efb80000,0x00000000efb80000,0x00000000f0380000)
 ParOldGen       total 43008K, used 10328K [0x00000000c1a00000, 0x00000000c4400000, 0x00000000eb380000)
  object space 43008K, 24% used [0x00000000c1a00000,0x00000000c24162b0,0x00000000c4400000)
 Metaspace       used 24261K, capacity 24728K, committed 24832K, reserved 1071104K
  class space    used 2904K, capacity 3061K, committed 3072K, reserved 1048576K
Event: 7.220 GC heap after
Heap after GC invocations=7 (full 1):
 PSYoungGen      total 51712K, used 7721K [0x00000000eb380000, 0x00000000f0380000, 0x0000000100000000)
  eden space 43520K, 0% used [0x00000000eb380000,0x00000000eb380000,0x00000000ede00000)
  from space 8192K, 94% used [0x00000000efb80000,0x00000000f030a680,0x00000000f0380000)
  to   space 8704K, 0% used [0x00000000ef280000,0x00000000ef280000,0x00000000efb00000)
 ParOldGen       total 43008K, used 10336K [0x00000000c1a00000, 0x00000000c4400000, 0x00000000eb380000)
  object space 43008K, 24% used [0x00000000c1a00000,0x00000000c24182b0,0x00000000c4400000)
 Metaspace       used 24261K, capacity 24728K, committed 24832K, reserved 1071104K
  class space    used 2904K, capacity 3061K, committed 3072K, reserved 1048576K
}

